<?xml version="1.0" encoding="UTF-8"?>
<!-- Generated by org.testng.reporters.JUnitReportReporter -->
<testsuite hostname="DESKTOP-JS54Q4M" failures="0" tests="1" name="testScript.TestScript" time="20.436" errors="0" timestamp="2023-07-27T13:45:29 IST" skipped="0">
  <testcase classname="testScript.TestScript" name="TestScript" time="20.436"/>
  <system-out/>
</testsuite> <!-- testScript.TestScript -->
