<?xml version="1.0" encoding="UTF-8"?>
<!-- Generated by org.testng.reporters.JUnitReportReporter -->
<testsuite hostname="DESKTOP-JS54Q4M" failures="0" tests="1" name="CustomerTestScript.CustomerTest" time="8.017" errors="0" timestamp="2023-08-01T13:40:03 IST" skipped="0">
  <testcase classname="CustomerTestScript.CustomerTest" name="Customermethods" time="8.017"/>
  <system-out/>
</testsuite> <!-- CustomerTestScript.CustomerTest -->
